[1207/193449.946:ERROR:directory_reader_win.cc(43)] FindFirstFile: The system cannot find the path specified. (0x3)
[1213/100340.090:ERROR:directory_reader_win.cc(43)] FindFirstFile: The system cannot find the path specified. (0x3)
[1213/113201.661:ERROR:directory_reader_win.cc(43)] FindFirstFile: The system cannot find the path specified. (0x3)
[1218/174129.695:ERROR:directory_reader_win.cc(43)] FindFirstFile: The system cannot find the path specified. (0x3)
[1218/180221.365:ERROR:process_memory_win.cc(73)] ReadMemory at 0x7ff7ca140000 of 64 bytes failed: Only part of a ReadProcessMemory or WriteProcessMemory request was completed. (0x12B)
[1218/180221.846:WARNING:pe_image_reader.cc(340)] could not read dos header from C:\Program Files\Google\Chrome\Application\chrome.exe
[1218/180222.460:ERROR:process_memory_win.cc(73)] ReadMemory at 0x7ff985fa0000 of 64 bytes failed: Only part of a ReadProcessMemory or WriteProcessMemory request was completed. (0x12B)
[1218/180222.482:WARNING:pe_image_reader.cc(340)] could not read dos header from C:\WINDOWS\SYSTEM32\ntdll.dll
[1218/180222.482:ERROR:process_memory_win.cc(73)] ReadMemory at 0x7ff985d90000 of 64 bytes failed: Only part of a ReadProcessMemory or WriteProcessMemory request was completed. (0x12B)
[1218/180222.482:WARNING:pe_image_reader.cc(340)] could not read dos header from C:\WINDOWS\System32\KERNEL32.DLL
[1218/180222.482:ERROR:process_memory_win.cc(73)] ReadMemory at 0x7ff983cb0000 of 64 bytes failed: Only part of a ReadProcessMemory or WriteProcessMemory request was completed. (0x12B)
[1218/180222.482:WARNING:pe_image_reader.cc(340)] could not read dos header from C:\WINDOWS\System32\KERNELBASE.dll
[1218/180222.482:ERROR:process_memory_win.cc(73)] ReadMemory at 0x7ff978990000 of 64 bytes failed: Only part of a ReadProcessMemory or WriteProcessMemory request was completed. (0x12B)
[1218/180222.483:WARNING:pe_image_reader.cc(340)] could not read dos header from C:\Program Files\Google\Chrome\Application\87.0.4280.88\chrome_elf.dll
[1218/180222.483:ERROR:process_memory_win.cc(73)] ReadMemory at 0x7ff97dbb0000 of 64 bytes failed: Only part of a ReadProcessMemory or WriteProcessMemory request was completed. (0x12B)
[1218/180222.483:WARNING:pe_image_reader.cc(340)] could not read dos header from C:\WINDOWS\SYSTEM32\VERSION.dll
[1218/180222.483:ERROR:process_memory_win.cc(73)] ReadMemory at 0x7ff985ec0000 of 64 bytes failed: Only part of a ReadProcessMemory or WriteProcessMemory request was completed. (0x12B)
[1218/180222.483:WARNING:pe_image_reader.cc(340)] could not read dos header from C:\WINDOWS\System32\msvcrt.dll
[1218/180222.483:ERROR:process_memory_win.cc(73)] ReadMemory at 0x7ff983f60000 of 64 bytes failed: Only part of a ReadProcessMemory or WriteProcessMemory request was completed. (0x12B)
[1218/180222.483:WARNING:pe_image_reader.cc(340)] could not read dos header from C:\WINDOWS\System32\bcryptPrimitives.dll
[1218/180222.483:ERROR:process_memory_win.cc(73)] ReadMemory at 0x7ff985330000 of 64 bytes failed: Only part of a ReadProcessMemory or WriteProcessMemory request was completed. (0x12B)
[1218/180222.483:WARNING:pe_image_reader.cc(340)] could not read dos header from C:\WINDOWS\System32\ADVAPI32.dll
[1218/180222.483:ERROR:process_memory_win.cc(73)] ReadMemory at 0x7ff984190000 of 64 bytes failed: Only part of a ReadProcessMemory or WriteProcessMemory request was completed. (0x12B)
[1218/180222.483:WARNING:pe_image_reader.cc(340)] could not read dos header from C:\WINDOWS\System32\sechost.dll
[1218/180222.483:ERROR:process_memory_win.cc(73)] ReadMemory at 0x7ff985650000 of 64 bytes failed: Only part of a ReadProcessMemory or WriteProcessMemory request was completed. (0x12B)
[1218/180222.483:WARNING:pe_image_reader.cc(340)] could not read dos header from C:\WINDOWS\System32\RPCRT4.dll
[1218/180222.483:ERROR:process_memory_win.cc(73)] ReadMemory at 0x7ff935180000 of 64 bytes failed: Only part of a ReadProcessMemory or WriteProcessMemory request was completed. (0x12B)
[1218/180222.483:WARNING:pe_image_reader.cc(340)] could not read dos header from C:\Program Files\Google\Chrome\Application\87.0.4280.88\chrome.dll
[1218/180222.483:ERROR:process_memory_win.cc(73)] ReadMemory at 0x21a61e60000 of 64 bytes failed: Only part of a ReadProcessMemory or WriteProcessMemory request was completed. (0x12B)
[1218/180222.483:WARNING:pe_image_reader.cc(340)] could not read dos header from C:\WINDOWS\System32\WS2_32.dll
[1218/180222.483:ERROR:process_memory_win.cc(73)] ReadMemory at 0x7ff9858d0000 of 64 bytes failed: Only part of a ReadProcessMemory or WriteProcessMemory request was completed. (0x12B)
[1218/180222.483:WARNING:pe_image_reader.cc(340)] could not read dos header from C:\WINDOWS\System32\OLEAUT32.dll
[1218/180222.483:ERROR:process_memory_win.cc(73)] ReadMemory at 0x7ff982f60000 of 64 bytes failed: Only part of a ReadProcessMemory or WriteProcessMemory request was completed. (0x12B)
[1218/180222.483:WARNING:pe_image_reader.cc(340)] could not read dos header from C:\WINDOWS\System32\msvcp_win.dll
[1218/180222.483:ERROR:process_memory_win.cc(73)] ReadMemory at 0x7ff983aa0000 of 64 bytes failed: Only part of a ReadProcessMemory or WriteProcessMemory request was completed. (0x12B)
[1218/180222.483:WARNING:pe_image_reader.cc(340)] could not read dos header from C:\WINDOWS\System32\ucrtbase.dll
[1218/180222.483:ERROR:process_memory_win.cc(73)] ReadMemory at 0x7ff984910000 of 64 bytes failed: Only part of a ReadProcessMemory or WriteProcessMemory request was completed. (0x12B)
[1218/180222.483:WARNING:pe_image_reader.cc(340)] could not read dos header from C:\WINDOWS\System32\combase.dll
[1218/180222.483:ERROR:process_memory_win.cc(73)] ReadMemory at 0x7ff983c50000 of 64 bytes failed: Only part of a ReadProcessMemory or WriteProcessMemory request was completed. (0x12B)
[1218/180222.483:WARNING:pe_image_reader.cc(340)] could not read dos header from C:\WINDOWS\System32\WINTRUST.dll
[1218/180222.484:ERROR:process_memory_win.cc(73)] ReadMemory at 0x7ff982ef0000 of 64 bytes failed: Only part of a ReadProcessMemory or WriteProcessMemory request was completed. (0x12B)
[1218/180222.484:WARNING:pe_image_reader.cc(340)] could not read dos header from C:\WINDOWS\System32\MSASN1.dll
[1218/180222.484:ERROR:process_memory_win.cc(73)] ReadMemory at 0x7ff983950000 of 64 bytes failed: Only part of a ReadProcessMemory or WriteProcessMemory request was completed. (0x12B)
[1218/180222.484:WARNING:pe_image_reader.cc(340)] could not read dos header from C:\WINDOWS\System32\CRYPT32.dll
[1218/180222.484:ERROR:process_memory_win.cc(73)] ReadMemory at 0x7ff981790000 of 64 bytes failed: Only part of a ReadProcessMemory or WriteProcessMemory request was completed. (0x12B)
[1218/180222.484:WARNING:pe_image_reader.cc(340)] could not read dos header from C:\WINDOWS\SYSTEM32\dbghelp.dll
[1218/180222.484:ERROR:process_memory_win.cc(73)] ReadMemory at 0x7ff982440000 of 64 bytes failed: Only part of a ReadProcessMemory or WriteProcessMemory request was completed. (0x12B)
[1218/180222.484:WARNING:pe_image_reader.cc(340)] could not read dos header from C:\WINDOWS\SYSTEM32\IPHLPAPI.DLL
[1218/180222.484:ERROR:process_memory_win.cc(73)] ReadMemory at 0x7ff97f2f0000 of 64 bytes failed: Only part of a ReadProcessMemory or WriteProcessMemory request was completed. (0x12B)
[1218/180222.484:WARNING:pe_image_reader.cc(340)] could not read dos header from C:\WINDOWS\SYSTEM32\WINMM.dll
[1218/180222.484:ERROR:process_memory_win.cc(73)] ReadMemory at 0x7ff968230000 of 64 bytes failed: Only part of a ReadProcessMemory or WriteProcessMemory request was completed. (0x12B)
[1218/180222.484:WARNING:pe_image_reader.cc(340)] could not read dos header from C:\WINDOWS\SYSTEM32\UIAutomationCore.DLL
[1218/180222.484:ERROR:process_memory_win.cc(73)] ReadMemory at 0x7ff97a3b0000 of 64 bytes failed: Only part of a ReadProcessMemory or WriteProcessMemory request was completed. (0x12B)
[1218/180222.484:WARNING:pe_image_reader.cc(340)] could not read dos header from C:\WINDOWS\SYSTEM32\Secur32.dll
[1218/180222.484:ERROR:process_memory_win.cc(73)] ReadMemory at 0x7ff982d90000 of 64 bytes failed: Only part of a ReadProcessMemory or WriteProcessMemory request was completed. (0x12B)
[1218/180222.484:WARNING:pe_image_reader.cc(340)] could not read dos header from C:\WINDOWS\SYSTEM32\USERENV.dll
[1218/180222.484:ERROR:process_memory_win.cc(73)] ReadMemory at 0x7ff982f10000 of 64 bytes failed: Only part of a ReadProcessMemory or WriteProcessMemory request was completed. (0x12B)
[1218/180222.484:WARNING:pe_image_reader.cc(340)] could not read dos header from C:\WINDOWS\System32\profapi.dll
[1218/180222.484:ERROR:process_memory_win.cc(73)] ReadMemory at 0x7ff978650000 of 64 bytes failed: Only part of a ReadProcessMemory or WriteProcessMemory request was completed. (0x12B)
[1218/180222.484:WARNING:pe_image_reader.cc(340)] could not read dos header from C:\WINDOWS\SYSTEM32\DWrite.dll
[1218/180222.484:ERROR:process_memory_win.cc(73)] ReadMemory at 0x7ff9713e0000 of 64 bytes failed: Only part of a ReadProcessMemory or WriteProcessMemory request was completed. (0x12B)
[1218/180222.484:WARNING:pe_image_reader.cc(340)] could not read dos header from C:\WINDOWS\SYSTEM32\WINSPOOL.DRV
[1218/180222.484:ERROR:process_memory_win.cc(73)] ReadMemory at 0x7ff982e80000 of 64 bytes failed: Only part of a ReadProcessMemory or WriteProcessMemory request was completed. (0x12B)
[1218/180222.484:WARNING:pe_image_reader.cc(340)] could not read dos header from C:\WINDOWS\System32\kernel.appcore.dll
[1218/180222.484:ERROR:process_memory_win.cc(73)] ReadMemory at 0x7ff9831a0000 of 64 bytes failed: Only part of a ReadProcessMemory or WriteProcessMemory request was completed. (0x12B)
[1218/180222.484:WARNING:pe_image_reader.cc(340)] could not read dos header from C:\WINDOWS\System32\bcrypt.dll
[1218/180222.484:ERROR:process_memory_win.cc(73)] ReadMemory at 0x7ff97a970000 of 64 bytes failed: Only part of a ReadProcessMemory or WriteProcessMemory request was completed. (0x12B)
[1218/180222.484:WARNING:pe_image_reader.cc(340)] could not read dos header from C:\WINDOWS\SYSTEM32\WINHTTP.dll
[1218/180222.485:ERROR:process_memory_win.cc(73)] ReadMemory at 0x7ff9774c0000 of 64 bytes failed: Only part of a ReadProcessMemory or WriteProcessMemory request was completed. (0x12B)
[1218/180222.485:WARNING:pe_image_reader.cc(340)] could not read dos header from C:\WINDOWS\SYSTEM32\dhcpcsvc.DLL
[1218/180222.485:ERROR:process_memory_win.cc(73)] ReadMemory at 0x7ff9853f0000 of 64 bytes failed: Only part of a ReadProcessMemory or WriteProcessMemory request was completed. (0x12B)
[1218/180222.485:WARNING:pe_image_reader.cc(340)] could not read dos header from C:\WINDOWS\System32\NSI.dll
[1218/180222.485:ERROR:process_memory_win.cc(73)] ReadMemory at 0x7ff97f130000 of 64 bytes failed: Only part of a ReadProcessMemory or WriteProcessMemory request was completed. (0x12B)
[1218/180222.485:WARNING:pe_image_reader.cc(340)] could not read dos header from C:\WINDOWS\SYSTEM32\WINMMBASE.dll
[1218/180222.485:ERROR:process_memory_win.cc(73)] ReadMemory at 0x7ff983ff0000 of 64 bytes failed: Only part of a ReadProcessMemory or WriteProcessMemory request was completed. (0x12B)
[1218/180222.485:WARNING:pe_image_reader.cc(340)] could not read dos header from C:\WINDOWS\System32\cfgmgr32.dll
[1218/180222.485:ERROR:process_memory_win.cc(73)] ReadMemory at 0x7ff981110000 of 64 bytes failed: Only part of a ReadProcessMemory or WriteProcessMemory request was completed. (0x12B)
[1218/180222.485:WARNING:pe_image_reader.cc(340)] could not read dos header from C:\WINDOWS\SYSTEM32\PROPSYS.dll
[1218/180222.485:ERROR:process_memory_win.cc(73)] ReadMemory at 0x7ff984060000 of 64 bytes failed: Only part of a ReadProcessMemory or WriteProcessMemory request was completed. (0x12B)
[1218/180222.485:WARNING:pe_image_reader.cc(340)] could not read dos header from C:\WINDOWS\System32\shcore.dll
[1218/180222.485:ERROR:process_memory_win.cc(73)] ReadMemory at 0x7ff982d60000 of 64 bytes failed: Only part of a ReadProcessMemory or WriteProcessMemory request was completed. (0x12B)
[1218/180222.485:WARNING:pe_image_reader.cc(340)] could not read dos header from C:\WINDOWS\SYSTEM32\SSPICLI.DLL
[1218/180222.485:ERROR:process_memory_win.cc(73)] ReadMemory at 0x7ff9828b0000 of 64 bytes failed: Only part of a ReadProcessMemory or WriteProcessMemory request was completed. (0x12B)
[1218/180222.515:WARNING:pe_image_reader.cc(340)] could not read dos header from C:\WINDOWS\SYSTEM32\CRYPTBASE.DLL
[1218/180222.863:ERROR:process_memory_win.cc(73)] ReadMemory at 0x7ff7ca140000 of 64 bytes failed: Only part of a ReadProcessMemory or WriteProcessMemory request was completed. (0x12B)
[1218/180222.863:WARNING:pe_image_reader.cc(340)] could not read dos header from C:\Program Files\Google\Chrome\Application\chrome.exe
[1218/180222.864:ERROR:process_memory_win.cc(73)] ReadMemory at 0x7ff985fa0000 of 64 bytes failed: Only part of a ReadProcessMemory or WriteProcessMemory request was completed. (0x12B)
[1218/180222.864:WARNING:pe_image_reader.cc(340)] could not read dos header from C:\WINDOWS\SYSTEM32\ntdll.dll
[1218/180222.864:ERROR:process_memory_win.cc(73)] ReadMemory at 0x7ff985d90000 of 64 bytes failed: Only part of a ReadProcessMemory or WriteProcessMemory request was completed. (0x12B)
[1218/180222.864:WARNING:pe_image_reader.cc(340)] could not read dos header from C:\WINDOWS\System32\KERNEL32.DLL
[1218/180222.864:ERROR:process_memory_win.cc(73)] ReadMemory at 0x7ff983cb0000 of 64 bytes failed: Only part of a ReadProcessMemory or WriteProcessMemory request was completed. (0x12B)
[1218/180222.864:WARNING:pe_image_reader.cc(340)] could not read dos header from C:\WINDOWS\System32\KERNELBASE.dll
[1218/180222.864:ERROR:process_memory_win.cc(73)] ReadMemory at 0x7ff978990000 of 64 bytes failed: Only part of a ReadProcessMemory or WriteProcessMemory request was completed. (0x12B)
[1218/180222.864:WARNING:pe_image_reader.cc(340)] could not read dos header from C:\Program Files\Google\Chrome\Application\87.0.4280.88\chrome_elf.dll
[1218/180222.865:ERROR:process_memory_win.cc(73)] ReadMemory at 0x7ff97dbb0000 of 64 bytes failed: Only part of a ReadProcessMemory or WriteProcessMemory request was completed. (0x12B)
[1218/180222.865:WARNING:pe_image_reader.cc(340)] could not read dos header from C:\WINDOWS\SYSTEM32\VERSION.dll
[1218/180222.865:ERROR:process_memory_win.cc(73)] ReadMemory at 0x7ff985ec0000 of 64 bytes failed: Only part of a ReadProcessMemory or WriteProcessMemory request was completed. (0x12B)
[1218/180222.865:WARNING:pe_image_reader.cc(340)] could not read dos header from C:\WINDOWS\System32\msvcrt.dll
[1218/180222.865:ERROR:process_memory_win.cc(73)] ReadMemory at 0x7ff983f60000 of 64 bytes failed: Only part of a ReadProcessMemory or WriteProcessMemory request was completed. (0x12B)
[1218/180222.865:WARNING:pe_image_reader.cc(340)] could not read dos header from C:\WINDOWS\System32\bcryptPrimitives.dll
[1218/180222.866:ERROR:process_memory_win.cc(73)] ReadMemory at 0x7ff985330000 of 64 bytes failed: Only part of a ReadProcessMemory or WriteProcessMemory request was completed. (0x12B)
[1218/180222.866:WARNING:pe_image_reader.cc(340)] could not read dos header from C:\WINDOWS\System32\ADVAPI32.dll
[1218/180222.866:ERROR:process_memory_win.cc(73)] ReadMemory at 0x7ff984190000 of 64 bytes failed: Only part of a ReadProcessMemory or WriteProcessMemory request was completed. (0x12B)
[1218/180222.866:WARNING:pe_image_reader.cc(340)] could not read dos header from C:\WINDOWS\System32\sechost.dll
[1218/180222.866:ERROR:process_memory_win.cc(73)] ReadMemory at 0x7ff985650000 of 64 bytes failed: Only part of a ReadProcessMemory or WriteProcessMemory request was completed. (0x12B)
[1218/180222.866:WARNING:pe_image_reader.cc(340)] could not read dos header from C:\WINDOWS\System32\RPCRT4.dll
[1218/180222.866:ERROR:process_memory_win.cc(73)] ReadMemory at 0x7ff935180000 of 64 bytes failed: Only part of a ReadProcessMemory or WriteProcessMemory request was completed. (0x12B)
[1218/180222.866:WARNING:pe_image_reader.cc(340)] could not read dos header from C:\Program Files\Google\Chrome\Application\87.0.4280.88\chrome.dll
[1218/180222.867:ERROR:process_memory_win.cc(73)] ReadMemory at 0x21a61e60000 of 64 bytes failed: Only part of a ReadProcessMemory or WriteProcessMemory request was completed. (0x12B)
[1218/180222.867:WARNING:pe_image_reader.cc(340)] could not read dos header from C:\WINDOWS\System32\WS2_32.dll
[1218/180222.867:ERROR:process_memory_win.cc(73)] ReadMemory at 0x7ff9858d0000 of 64 bytes failed: Only part of a ReadProcessMemory or WriteProcessMemory request was completed. (0x12B)
[1218/180222.867:WARNING:pe_image_reader.cc(340)] could not read dos header from C:\WINDOWS\System32\OLEAUT32.dll
[1218/180222.867:ERROR:process_memory_win.cc(73)] ReadMemory at 0x7ff982f60000 of 64 bytes failed: Only part of a ReadProcessMemory or WriteProcessMemory request was completed. (0x12B)
[1218/180222.867:WARNING:pe_image_reader.cc(340)] could not read dos header from C:\WINDOWS\System32\msvcp_win.dll
[1218/180222.868:ERROR:process_memory_win.cc(73)] ReadMemory at 0x7ff983aa0000 of 64 bytes failed: Only part of a ReadProcessMemory or WriteProcessMemory request was completed. (0x12B)
[1218/180222.868:WARNING:pe_image_reader.cc(340)] could not read dos header from C:\WINDOWS\System32\ucrtbase.dll
[1218/180222.869:ERROR:process_memory_win.cc(73)] ReadMemory at 0x7ff984910000 of 64 bytes failed: Only part of a ReadProcessMemory or WriteProcessMemory request was completed. (0x12B)
[1218/180222.869:WARNING:pe_image_reader.cc(340)] could not read dos header from C:\WINDOWS\System32\combase.dll
[1218/180222.869:ERROR:process_memory_win.cc(73)] ReadMemory at 0x7ff983c50000 of 64 bytes failed: Only part of a ReadProcessMemory or WriteProcessMemory request was completed. (0x12B)
[1218/180222.869:WARNING:pe_image_reader.cc(340)] could not read dos header from C:\WINDOWS\System32\WINTRUST.dll
[1218/180222.870:ERROR:process_memory_win.cc(73)] ReadMemory at 0x7ff982ef0000 of 64 bytes failed: Only part of a ReadProcessMemory or WriteProcessMemory request was completed. (0x12B)
[1218/180222.870:WARNING:pe_image_reader.cc(340)] could not read dos header from C:\WINDOWS\System32\MSASN1.dll
[1218/180222.870:ERROR:process_memory_win.cc(73)] ReadMemory at 0x7ff983950000 of 64 bytes failed: Only part of a ReadProcessMemory or WriteProcessMemory request was completed. (0x12B)
[1218/180222.870:WARNING:pe_image_reader.cc(340)] could not read dos header from C:\WINDOWS\System32\CRYPT32.dll
[1218/180222.870:ERROR:process_memory_win.cc(73)] ReadMemory at 0x7ff981790000 of 64 bytes failed: Only part of a ReadProcessMemory or WriteProcessMemory request was completed. (0x12B)
[1218/180222.870:WARNING:pe_image_reader.cc(340)] could not read dos header from C:\WINDOWS\SYSTEM32\dbghelp.dll
[1218/180222.871:ERROR:process_memory_win.cc(73)] ReadMemory at 0x7ff982440000 of 64 bytes failed: Only part of a ReadProcessMemory or WriteProcessMemory request was completed. (0x12B)
[1218/180222.871:WARNING:pe_image_reader.cc(340)] could not read dos header from C:\WINDOWS\SYSTEM32\IPHLPAPI.DLL
[1218/180222.871:ERROR:process_memory_win.cc(73)] ReadMemory at 0x7ff97f2f0000 of 64 bytes failed: Only part of a ReadProcessMemory or WriteProcessMemory request was completed. (0x12B)
[1218/180222.871:WARNING:pe_image_reader.cc(340)] could not read dos header from C:\WINDOWS\SYSTEM32\WINMM.dll
[1218/180222.871:ERROR:process_memory_win.cc(73)] ReadMemory at 0x7ff968230000 of 64 bytes failed: Only part of a ReadProcessMemory or WriteProcessMemory request was completed. (0x12B)
[1218/180222.871:WARNING:pe_image_reader.cc(340)] could not read dos header from C:\WINDOWS\SYSTEM32\UIAutomationCore.DLL
[1218/180222.871:ERROR:process_memory_win.cc(73)] ReadMemory at 0x7ff97a3b0000 of 64 bytes failed: Only part of a ReadProcessMemory or WriteProcessMemory request was completed. (0x12B)
[1218/180222.872:WARNING:pe_image_reader.cc(340)] could not read dos header from C:\WINDOWS\SYSTEM32\Secur32.dll
[1218/180222.872:ERROR:process_memory_win.cc(73)] ReadMemory at 0x7ff982d90000 of 64 bytes failed: Only part of a ReadProcessMemory or WriteProcessMemory request was completed. (0x12B)
[1218/180222.872:WARNING:pe_image_reader.cc(340)] could not read dos header from C:\WINDOWS\SYSTEM32\USERENV.dll
[1218/180222.872:ERROR:process_memory_win.cc(73)] ReadMemory at 0x7ff982f10000 of 64 bytes failed: Only part of a ReadProcessMemory or WriteProcessMemory request was completed. (0x12B)
[1218/180222.872:WARNING:pe_image_reader.cc(340)] could not read dos header from C:\WINDOWS\System32\profapi.dll
[1218/180222.872:ERROR:process_memory_win.cc(73)] ReadMemory at 0x7ff978650000 of 64 bytes failed: Only part of a ReadProcessMemory or WriteProcessMemory request was completed. (0x12B)
[1218/180222.872:WARNING:pe_image_reader.cc(340)] could not read dos header from C:\WINDOWS\SYSTEM32\DWrite.dll
[1218/180222.873:ERROR:process_memory_win.cc(73)] ReadMemory at 0x7ff9713e0000 of 64 bytes failed: Only part of a ReadProcessMemory or WriteProcessMemory request was completed. (0x12B)
[1218/180222.873:WARNING:pe_image_reader.cc(340)] could not read dos header from C:\WINDOWS\SYSTEM32\WINSPOOL.DRV
[1218/180222.873:ERROR:process_memory_win.cc(73)] ReadMemory at 0x7ff982e80000 of 64 bytes failed: Only part of a ReadProcessMemory or WriteProcessMemory request was completed. (0x12B)
[1218/180222.873:WARNING:pe_image_reader.cc(340)] could not read dos header from C:\WINDOWS\System32\kernel.appcore.dll
[1218/180222.873:ERROR:process_memory_win.cc(73)] ReadMemory at 0x7ff9831a0000 of 64 bytes failed: Only part of a ReadProcessMemory or WriteProcessMemory request was completed. (0x12B)
[1218/180222.873:WARNING:pe_image_reader.cc(340)] could not read dos header from C:\WINDOWS\System32\bcrypt.dll
[1218/180222.873:ERROR:process_memory_win.cc(73)] ReadMemory at 0x7ff97a970000 of 64 bytes failed: Only part of a ReadProcessMemory or WriteProcessMemory request was completed. (0x12B)
[1218/180222.874:WARNING:pe_image_reader.cc(340)] could not read dos header from C:\WINDOWS\SYSTEM32\WINHTTP.dll
[1218/180222.874:ERROR:process_memory_win.cc(73)] ReadMemory at 0x7ff9774c0000 of 64 bytes failed: Only part of a ReadProcessMemory or WriteProcessMemory request was completed. (0x12B)
[1218/180222.874:WARNING:pe_image_reader.cc(340)] could not read dos header from C:\WINDOWS\SYSTEM32\dhcpcsvc.DLL
[1218/180222.874:ERROR:process_memory_win.cc(73)] ReadMemory at 0x7ff9853f0000 of 64 bytes failed: Only part of a ReadProcessMemory or WriteProcessMemory request was completed. (0x12B)
[1218/180222.874:WARNING:pe_image_reader.cc(340)] could not read dos header from C:\WINDOWS\System32\NSI.dll
[1218/180222.874:ERROR:process_memory_win.cc(73)] ReadMemory at 0x7ff97f130000 of 64 bytes failed: Only part of a ReadProcessMemory or WriteProcessMemory request was completed. (0x12B)
[1218/180222.874:WARNING:pe_image_reader.cc(340)] could not read dos header from C:\WINDOWS\SYSTEM32\WINMMBASE.dll
[1218/180222.875:ERROR:process_memory_win.cc(73)] ReadMemory at 0x7ff983ff0000 of 64 bytes failed: Only part of a ReadProcessMemory or WriteProcessMemory request was completed. (0x12B)
[1218/180222.875:WARNING:pe_image_reader.cc(340)] could not read dos header from C:\WINDOWS\System32\cfgmgr32.dll
[1218/180222.875:ERROR:process_memory_win.cc(73)] ReadMemory at 0x7ff981110000 of 64 bytes failed: Only part of a ReadProcessMemory or WriteProcessMemory request was completed. (0x12B)
[1218/180222.875:WARNING:pe_image_reader.cc(340)] could not read dos header from C:\WINDOWS\SYSTEM32\PROPSYS.dll
[1218/180222.875:ERROR:process_memory_win.cc(73)] ReadMemory at 0x7ff984060000 of 64 bytes failed: Only part of a ReadProcessMemory or WriteProcessMemory request was completed. (0x12B)
[1218/180222.875:WARNING:pe_image_reader.cc(340)] could not read dos header from C:\WINDOWS\System32\shcore.dll
[1218/180222.875:ERROR:process_memory_win.cc(73)] ReadMemory at 0x7ff982d60000 of 64 bytes failed: Only part of a ReadProcessMemory or WriteProcessMemory request was completed. (0x12B)
[1218/180222.875:WARNING:pe_image_reader.cc(340)] could not read dos header from C:\WINDOWS\SYSTEM32\SSPICLI.DLL
[1218/180222.876:ERROR:process_memory_win.cc(73)] ReadMemory at 0x7ff9828b0000 of 64 bytes failed: Only part of a ReadProcessMemory or WriteProcessMemory request was completed. (0x12B)
[1218/180222.876:WARNING:pe_image_reader.cc(340)] could not read dos header from C:\WINDOWS\SYSTEM32\CRYPTBASE.DLL
[1218/180222.876:ERROR:process_memory_win.cc(73)] ReadMemory at 0x7ff7ca140000 of 64 bytes failed: Only part of a ReadProcessMemory or WriteProcessMemory request was completed. (0x12B)
[1218/180222.876:WARNING:pe_image_reader.cc(340)] could not read dos header from C:\Program Files\Google\Chrome\Application\chrome.exe
[1218/180222.876:ERROR:process_memory_win.cc(73)] ReadMemory at 0x7ff985fa0000 of 64 bytes failed: Only part of a ReadProcessMemory or WriteProcessMemory request was completed. (0x12B)
[1218/180222.876:WARNING:pe_image_reader.cc(340)] could not read dos header from C:\WINDOWS\SYSTEM32\ntdll.dll
[1218/180222.877:ERROR:process_memory_win.cc(73)] ReadMemory at 0x7ff985d90000 of 64 bytes failed: Only part of a ReadProcessMemory or WriteProcessMemory request was completed. (0x12B)
[1218/180222.877:WARNING:pe_image_reader.cc(340)] could not read dos header from C:\WINDOWS\System32\KERNEL32.DLL
[1218/180222.877:ERROR:process_memory_win.cc(73)] ReadMemory at 0x7ff983cb0000 of 64 bytes failed: Only part of a ReadProcessMemory or WriteProcessMemory request was completed. (0x12B)
[1218/180222.877:WARNING:pe_image_reader.cc(340)] could not read dos header from C:\WINDOWS\System32\KERNELBASE.dll
[1218/180222.877:ERROR:process_memory_win.cc(73)] ReadMemory at 0x7ff978990000 of 64 bytes failed: Only part of a ReadProcessMemory or WriteProcessMemory request was completed. (0x12B)
[1218/180222.878:WARNING:pe_image_reader.cc(340)] could not read dos header from C:\Program Files\Google\Chrome\Application\87.0.4280.88\chrome_elf.dll
[1218/180222.878:ERROR:process_memory_win.cc(73)] ReadMemory at 0x7ff97dbb0000 of 64 bytes failed: Only part of a ReadProcessMemory or WriteProcessMemory request was completed. (0x12B)
[1218/180222.878:WARNING:pe_image_reader.cc(340)] could not read dos header from C:\WINDOWS\SYSTEM32\VERSION.dll
[1218/180222.878:ERROR:process_memory_win.cc(73)] ReadMemory at 0x7ff985ec0000 of 64 bytes failed: Only part of a ReadProcessMemory or WriteProcessMemory request was completed. (0x12B)
[1218/180222.878:WARNING:pe_image_reader.cc(340)] could not read dos header from C:\WINDOWS\System32\msvcrt.dll
[1218/180222.879:ERROR:process_memory_win.cc(73)] ReadMemory at 0x7ff983f60000 of 64 bytes failed: Only part of a ReadProcessMemory or WriteProcessMemory request was completed. (0x12B)
[1218/180222.879:WARNING:pe_image_reader.cc(340)] could not read dos header from C:\WINDOWS\System32\bcryptPrimitives.dll
[1218/180222.879:ERROR:process_memory_win.cc(73)] ReadMemory at 0x7ff985330000 of 64 bytes failed: Only part of a ReadProcessMemory or WriteProcessMemory request was completed. (0x12B)
[1218/180222.879:WARNING:pe_image_reader.cc(340)] could not read dos header from C:\WINDOWS\System32\ADVAPI32.dll
[1218/180222.879:ERROR:process_memory_win.cc(73)] ReadMemory at 0x7ff984190000 of 64 bytes failed: Only part of a ReadProcessMemory or WriteProcessMemory request was completed. (0x12B)
[1218/180222.879:WARNING:pe_image_reader.cc(340)] could not read dos header from C:\WINDOWS\System32\sechost.dll
[1218/180222.879:ERROR:process_memory_win.cc(73)] ReadMemory at 0x7ff985650000 of 64 bytes failed: Only part of a ReadProcessMemory or WriteProcessMemory request was completed. (0x12B)
[1218/180222.880:WARNING:pe_image_reader.cc(340)] could not read dos header from C:\WINDOWS\System32\RPCRT4.dll
[1218/180222.880:ERROR:process_memory_win.cc(73)] ReadMemory at 0x7ff935180000 of 64 bytes failed: Only part of a ReadProcessMemory or WriteProcessMemory request was completed. (0x12B)
[1218/180222.880:WARNING:pe_image_reader.cc(340)] could not read dos header from C:\Program Files\Google\Chrome\Application\87.0.4280.88\chrome.dll
[1218/180222.880:ERROR:process_memory_win.cc(73)] ReadMemory at 0x21a61e60000 of 64 bytes failed: Only part of a ReadProcessMemory or WriteProcessMemory request was completed. (0x12B)
[1218/180222.880:WARNING:pe_image_reader.cc(340)] could not read dos header from C:\WINDOWS\System32\WS2_32.dll
[1218/180222.880:ERROR:process_memory_win.cc(73)] ReadMemory at 0x7ff9858d0000 of 64 bytes failed: Only part of a ReadProcessMemory or WriteProcessMemory request was completed. (0x12B)
[1218/180222.880:WARNING:pe_image_reader.cc(340)] could not read dos header from C:\WINDOWS\System32\OLEAUT32.dll
[1218/180222.881:ERROR:process_memory_win.cc(73)] ReadMemory at 0x7ff982f60000 of 64 bytes failed: Only part of a ReadProcessMemory or WriteProcessMemory request was completed. (0x12B)
[1218/180222.881:WARNING:pe_image_reader.cc(340)] could not read dos header from C:\WINDOWS\System32\msvcp_win.dll
[1218/180222.881:ERROR:process_memory_win.cc(73)] ReadMemory at 0x7ff983aa0000 of 64 bytes failed: Only part of a ReadProcessMemory or WriteProcessMemory request was completed. (0x12B)
[1218/180222.881:WARNING:pe_image_reader.cc(340)] could not read dos header from C:\WINDOWS\System32\ucrtbase.dll
[1218/180222.881:ERROR:process_memory_win.cc(73)] ReadMemory at 0x7ff984910000 of 64 bytes failed: Only part of a ReadProcessMemory or WriteProcessMemory request was completed. (0x12B)
[1218/180222.881:WARNING:pe_image_reader.cc(340)] could not read dos header from C:\WINDOWS\System32\combase.dll
[1218/180222.881:ERROR:process_memory_win.cc(73)] ReadMemory at 0x7ff983c50000 of 64 bytes failed: Only part of a ReadProcessMemory or WriteProcessMemory request was completed. (0x12B)
[1218/180222.882:WARNING:pe_image_reader.cc(340)] could not read dos header from C:\WINDOWS\System32\WINTRUST.dll
[1218/180222.882:ERROR:process_memory_win.cc(73)] ReadMemory at 0x7ff982ef0000 of 64 bytes failed: Only part of a ReadProcessMemory or WriteProcessMemory request was completed. (0x12B)
[1218/180222.882:WARNING:pe_image_reader.cc(340)] could not read dos header from C:\WINDOWS\System32\MSASN1.dll
[1218/180222.882:ERROR:process_memory_win.cc(73)] ReadMemory at 0x7ff983950000 of 64 bytes failed: Only part of a ReadProcessMemory or WriteProcessMemory request was completed. (0x12B)
[1218/180222.882:WARNING:pe_image_reader.cc(340)] could not read dos header from C:\WINDOWS\System32\CRYPT32.dll
[1218/180222.882:ERROR:process_memory_win.cc(73)] ReadMemory at 0x7ff981790000 of 64 bytes failed: Only part of a ReadProcessMemory or WriteProcessMemory request was completed. (0x12B)
[1218/180222.882:WARNING:pe_image_reader.cc(340)] could not read dos header from C:\WINDOWS\SYSTEM32\dbghelp.dll
[1218/180222.883:ERROR:process_memory_win.cc(73)] ReadMemory at 0x7ff982440000 of 64 bytes failed: Only part of a ReadProcessMemory or WriteProcessMemory request was completed. (0x12B)
[1218/180222.883:WARNING:pe_image_reader.cc(340)] could not read dos header from C:\WINDOWS\SYSTEM32\IPHLPAPI.DLL
[1218/180222.883:ERROR:process_memory_win.cc(73)] ReadMemory at 0x7ff97f2f0000 of 64 bytes failed: Only part of a ReadProcessMemory or WriteProcessMemory request was completed. (0x12B)
[1218/180222.883:WARNING:pe_image_reader.cc(340)] could not read dos header from C:\WINDOWS\SYSTEM32\WINMM.dll
[1218/180222.883:ERROR:process_memory_win.cc(73)] ReadMemory at 0x7ff968230000 of 64 bytes failed: Only part of a ReadProcessMemory or WriteProcessMemory request was completed. (0x12B)
[1218/180222.883:WARNING:pe_image_reader.cc(340)] could not read dos header from C:\WINDOWS\SYSTEM32\UIAutomationCore.DLL
[1218/180222.883:ERROR:process_memory_win.cc(73)] ReadMemory at 0x7ff97a3b0000 of 64 bytes failed: Only part of a ReadProcessMemory or WriteProcessMemory request was completed. (0x12B)
[1218/180222.884:WARNING:pe_image_reader.cc(340)] could not read dos header from C:\WINDOWS\SYSTEM32\Secur32.dll
[1218/180222.884:ERROR:process_memory_win.cc(73)] ReadMemory at 0x7ff982d90000 of 64 bytes failed: Only part of a ReadProcessMemory or WriteProcessMemory request was completed. (0x12B)
[1218/180222.884:WARNING:pe_image_reader.cc(340)] could not read dos header from C:\WINDOWS\SYSTEM32\USERENV.dll
[1218/180222.884:ERROR:process_memory_win.cc(73)] ReadMemory at 0x7ff982f10000 of 64 bytes failed: Only part of a ReadProcessMemory or WriteProcessMemory request was completed. (0x12B)
[1218/180222.884:WARNING:pe_image_reader.cc(340)] could not read dos header from C:\WINDOWS\System32\profapi.dll
[1218/180222.884:ERROR:process_memory_win.cc(73)] ReadMemory at 0x7ff978650000 of 64 bytes failed: Only part of a ReadProcessMemory or WriteProcessMemory request was completed. (0x12B)
[1218/180222.885:WARNING:pe_image_reader.cc(340)] could not read dos header from C:\WINDOWS\SYSTEM32\DWrite.dll
[1218/180222.885:ERROR:process_memory_win.cc(73)] ReadMemory at 0x7ff9713e0000 of 64 bytes failed: Only part of a ReadProcessMemory or WriteProcessMemory request was completed. (0x12B)
[1218/180222.885:WARNING:pe_image_reader.cc(340)] could not read dos header from C:\WINDOWS\SYSTEM32\WINSPOOL.DRV
[1218/180222.886:ERROR:process_memory_win.cc(73)] ReadMemory at 0x7ff982e80000 of 64 bytes failed: Only part of a ReadProcessMemory or WriteProcessMemory request was completed. (0x12B)
[1218/180222.886:WARNING:pe_image_reader.cc(340)] could not read dos header from C:\WINDOWS\System32\kernel.appcore.dll
[1218/180222.886:ERROR:process_memory_win.cc(73)] ReadMemory at 0x7ff9831a0000 of 64 bytes failed: Only part of a ReadProcessMemory or WriteProcessMemory request was completed. (0x12B)
[1218/180222.886:WARNING:pe_image_reader.cc(340)] could not read dos header from C:\WINDOWS\System32\bcrypt.dll
[1218/180222.886:ERROR:process_memory_win.cc(73)] ReadMemory at 0x7ff97a970000 of 64 bytes failed: Only part of a ReadProcessMemory or WriteProcessMemory request was completed. (0x12B)
[1218/180222.886:WARNING:pe_image_reader.cc(340)] could not read dos header from C:\WINDOWS\SYSTEM32\WINHTTP.dll
[1218/180222.887:ERROR:process_memory_win.cc(73)] ReadMemory at 0x7ff9774c0000 of 64 bytes failed: Only part of a ReadProcessMemory or WriteProcessMemory request was completed. (0x12B)
[1218/180222.887:WARNING:pe_image_reader.cc(340)] could not read dos header from C:\WINDOWS\SYSTEM32\dhcpcsvc.DLL
[1218/180222.887:ERROR:process_memory_win.cc(73)] ReadMemory at 0x7ff9853f0000 of 64 bytes failed: Only part of a ReadProcessMemory or WriteProcessMemory request was completed. (0x12B)
[1218/180222.887:WARNING:pe_image_reader.cc(340)] could not read dos header from C:\WINDOWS\System32\NSI.dll
[1218/180222.887:ERROR:process_memory_win.cc(73)] ReadMemory at 0x7ff97f130000 of 64 bytes failed: Only part of a ReadProcessMemory or WriteProcessMemory request was completed. (0x12B)
[1218/180222.887:WARNING:pe_image_reader.cc(340)] could not read dos header from C:\WINDOWS\SYSTEM32\WINMMBASE.dll
[1218/180222.888:ERROR:process_memory_win.cc(73)] ReadMemory at 0x7ff983ff0000 of 64 bytes failed: Only part of a ReadProcessMemory or WriteProcessMemory request was completed. (0x12B)
[1218/180222.888:WARNING:pe_image_reader.cc(340)] could not read dos header from C:\WINDOWS\System32\cfgmgr32.dll
[1218/180222.888:ERROR:process_memory_win.cc(73)] ReadMemory at 0x7ff981110000 of 64 bytes failed: Only part of a ReadProcessMemory or WriteProcessMemory request was completed. (0x12B)
[1218/180222.888:WARNING:pe_image_reader.cc(340)] could not read dos header from C:\WINDOWS\SYSTEM32\PROPSYS.dll
[1218/180222.888:ERROR:process_memory_win.cc(73)] ReadMemory at 0x7ff984060000 of 64 bytes failed: Only part of a ReadProcessMemory or WriteProcessMemory request was completed. (0x12B)
[1218/180222.888:WARNING:pe_image_reader.cc(340)] could not read dos header from C:\WINDOWS\System32\shcore.dll
[1218/180222.888:ERROR:process_memory_win.cc(73)] ReadMemory at 0x7ff982d60000 of 64 bytes failed: Only part of a ReadProcessMemory or WriteProcessMemory request was completed. (0x12B)
[1218/180222.888:WARNING:pe_image_reader.cc(340)] could not read dos header from C:\WINDOWS\SYSTEM32\SSPICLI.DLL
[1218/180222.889:ERROR:process_memory_win.cc(73)] ReadMemory at 0x7ff9828b0000 of 64 bytes failed: Only part of a ReadProcessMemory or WriteProcessMemory request was completed. (0x12B)
[1218/180222.889:WARNING:pe_image_reader.cc(340)] could not read dos header from C:\WINDOWS\SYSTEM32\CRYPTBASE.DLL
[1218/180222.960:ERROR:process_memory_win.cc(73)] ReadMemory at 0x86cadef000 of 69632 bytes failed: Only part of a ReadProcessMemory or WriteProcessMemory request was completed. (0x12B)
[1218/180223.078:ERROR:process_memory_win.cc(73)] ReadMemory at 0x86cb5fe000 of 8192 bytes failed: Only part of a ReadProcessMemory or WriteProcessMemory request was completed. (0x12B)
[1218/180223.079:ERROR:process_memory_win.cc(73)] ReadMemory at 0x86cc5fd000 of 12288 bytes failed: Only part of a ReadProcessMemory or WriteProcessMemory request was completed. (0x12B)
[1218/180223.079:ERROR:process_memory_win.cc(73)] ReadMemory at 0x86ccdfd000 of 12288 bytes failed: Only part of a ReadProcessMemory or WriteProcessMemory request was completed. (0x12B)
[1218/180223.079:ERROR:process_memory_win.cc(73)] ReadMemory at 0x86cd5fe000 of 8192 bytes failed: Only part of a ReadProcessMemory or WriteProcessMemory request was completed. (0x12B)
[1218/180223.080:ERROR:process_memory_win.cc(73)] ReadMemory at 0x86cddfe000 of 8192 bytes failed: Only part of a ReadProcessMemory or WriteProcessMemory request was completed. (0x12B)
[1218/180223.080:ERROR:process_memory_win.cc(73)] ReadMemory at 0x86ce5fc000 of 16384 bytes failed: Only part of a ReadProcessMemory or WriteProcessMemory request was completed. (0x12B)
[1218/180223.081:ERROR:process_memory_win.cc(73)] ReadMemory at 0x86cf5fe000 of 8192 bytes failed: Only part of a ReadProcessMemory or WriteProcessMemory request was completed. (0x12B)
[1218/180223.081:ERROR:process_memory_win.cc(73)] ReadMemory at 0x86cfdfd000 of 12288 bytes failed: Only part of a ReadProcessMemory or WriteProcessMemory request was completed. (0x12B)
[1218/180223.081:ERROR:process_memory_win.cc(73)] ReadMemory at 0x86d05fc000 of 16384 bytes failed: Only part of a ReadProcessMemory or WriteProcessMemory request was completed. (0x12B)
[1218/180223.082:ERROR:process_memory_win.cc(73)] ReadMemory at 0x86d0dfe000 of 8192 bytes failed: Only part of a ReadProcessMemory or WriteProcessMemory request was completed. (0x12B)
[1218/180223.082:ERROR:process_memory_win.cc(73)] ReadMemory at 0x86cbdfe000 of 8192 bytes failed: Only part of a ReadProcessMemory or WriteProcessMemory request was completed. (0x12B)
[1218/180223.082:ERROR:process_memory_win.cc(73)] ReadMemory at 0x86d1df6000 of 40960 bytes failed: Only part of a ReadProcessMemory or WriteProcessMemory request was completed. (0x12B)
[1218/180223.083:ERROR:process_memory_win.cc(73)] ReadMemory at 0x86cedfa000 of 24576 bytes failed: Only part of a ReadProcessMemory or WriteProcessMemory request was completed. (0x12B)
[1218/180223.083:ERROR:process_memory_win.cc(73)] ReadMemory at 0x86d15fc000 of 16384 bytes failed: Only part of a ReadProcessMemory or WriteProcessMemory request was completed. (0x12B)
[1218/180223.084:ERROR:process_memory_win.cc(73)] ReadMemory at 0x86d25ff000 of 4096 bytes failed: Only part of a ReadProcessMemory or WriteProcessMemory request was completed. (0x12B)
[1218/180223.084:ERROR:process_memory_win.cc(73)] ReadMemory at 0x86ca492000 of 852 bytes failed: Only part of a ReadProcessMemory or WriteProcessMemory request was completed. (0x12B)
[1218/180223.084:ERROR:process_memory_win.cc(73)] ReadMemory at 0x86ca493000 of 6024 bytes failed: Only part of a ReadProcessMemory or WriteProcessMemory request was completed. (0x12B)
[1218/180223.085:ERROR:process_memory_win.cc(73)] ReadMemory at 0x86ca495000 of 6024 bytes failed: Only part of a ReadProcessMemory or WriteProcessMemory request was completed. (0x12B)
[1218/180223.085:ERROR:process_memory_win.cc(73)] ReadMemory at 0x86ca499000 of 6024 bytes failed: Only part of a ReadProcessMemory or WriteProcessMemory request was completed. (0x12B)
[1218/180223.086:ERROR:process_memory_win.cc(73)] ReadMemory at 0x86ca49b000 of 6024 bytes failed: Only part of a ReadProcessMemory or WriteProcessMemory request was completed. (0x12B)
[1218/180223.087:ERROR:process_memory_win.cc(73)] ReadMemory at 0x86ca49d000 of 6024 bytes failed: Only part of a ReadProcessMemory or WriteProcessMemory request was completed. (0x12B)
[1218/180223.087:ERROR:process_memory_win.cc(73)] ReadMemory at 0x86ca49f000 of 6024 bytes failed: Only part of a ReadProcessMemory or WriteProcessMemory request was completed. (0x12B)
[1218/180223.087:ERROR:process_memory_win.cc(73)] ReadMemory at 0x86ca4a1000 of 6024 bytes failed: Only part of a ReadProcessMemory or WriteProcessMemory request was completed. (0x12B)
[1218/180223.087:ERROR:process_memory_win.cc(73)] ReadMemory at 0x86ca4a5000 of 6024 bytes failed: Only part of a ReadProcessMemory or WriteProcessMemory request was completed. (0x12B)
[1218/180223.087:ERROR:process_memory_win.cc(73)] ReadMemory at 0x86ca4a7000 of 6024 bytes failed: Only part of a ReadProcessMemory or WriteProcessMemory request was completed. (0x12B)
[1218/180223.088:ERROR:process_memory_win.cc(73)] ReadMemory at 0x86ca4a9000 of 6024 bytes failed: Only part of a ReadProcessMemory or WriteProcessMemory request was completed. (0x12B)
[1218/180223.088:ERROR:process_memory_win.cc(73)] ReadMemory at 0x86ca4ab000 of 6024 bytes failed: Only part of a ReadProcessMemory or WriteProcessMemory request was completed. (0x12B)
[1218/180223.088:ERROR:process_memory_win.cc(73)] ReadMemory at 0x86ca4b5000 of 6024 bytes failed: Only part of a ReadProcessMemory or WriteProcessMemory request was completed. (0x12B)
[1218/180223.089:ERROR:process_memory_win.cc(73)] ReadMemory at 0x86ca4b9000 of 6024 bytes failed: Only part of a ReadProcessMemory or WriteProcessMemory request was completed. (0x12B)
[1218/180223.089:ERROR:process_memory_win.cc(73)] ReadMemory at 0x86ca4bd000 of 6024 bytes failed: Only part of a ReadProcessMemory or WriteProcessMemory request was completed. (0x12B)
[1218/180223.090:ERROR:process_memory_win.cc(73)] ReadMemory at 0x86ca4bf000 of 6024 bytes failed: Only part of a ReadProcessMemory or WriteProcessMemory request was completed. (0x12B)
[1218/180223.090:ERROR:process_memory_win.cc(73)] ReadMemory at 0x86ca4c1000 of 6024 bytes failed: Only part of a ReadProcessMemory or WriteProcessMemory request was completed. (0x12B)
[1218/180223.091:ERROR:process_memory_win.cc(73)] ReadMemory at 0x21a61c50fe0 of 15736 bytes failed: Only part of a ReadProcessMemory or WriteProcessMemory request was completed. (0x12B)
[1218/180223.091:ERROR:process_memory_win.cc(73)] ReadMemory at 0x21a61c54d60 of 1012 bytes failed: Only part of a ReadProcessMemory or WriteProcessMemory request was completed. (0x12B)
[1218/180223.091:ERROR:process_memory_win.cc(73)] ReadMemory at 0x21a61c553a8 of 106 bytes failed: Only part of a ReadProcessMemory or WriteProcessMemory request was completed. (0x12B)
[1218/180223.092:ERROR:process_memory_win.cc(73)] ReadMemory at 0x21a61c55414 of 698 bytes failed: Only part of a ReadProcessMemory or WriteProcessMemory request was completed. (0x12B)
[1218/180223.092:ERROR:process_memory_win.cc(73)] ReadMemory at 0x21a61c556d0 of 106 bytes failed: Only part of a ReadProcessMemory or WriteProcessMemory request was completed. (0x12B)
[1218/180223.113:ERROR:process_memory_win.cc(73)] ReadMemory at 0x21a61c5573c of 100 bytes failed: Only part of a ReadProcessMemory or WriteProcessMemory request was completed. (0x12B)
[1218/180223.113:ERROR:process_memory_win.cc(73)] ReadMemory at 0x21a61c557b0 of 58 bytes failed: Only part of a ReadProcessMemory or WriteProcessMemory request was completed. (0x12B)
[1218/180223.115:ERROR:process_memory_win.cc(73)] ReadMemory at 0x21a61c558b0 of 132 bytes failed: Only part of a ReadProcessMemory or WriteProcessMemory request was completed. (0x12B)
[1218/180223.115:ERROR:process_memory_win.cc(73)] ReadMemory at 0x21a61c55a40 of 132 bytes failed: Only part of a ReadProcessMemory or WriteProcessMemory request was completed. (0x12B)
[1218/180223.115:ERROR:process_memory_win.cc(73)] ReadMemory at 0x21a61c55c00 of 112 bytes failed: Only part of a ReadProcessMemory or WriteProcessMemory request was completed. (0x12B)
[1218/180223.116:ERROR:process_memory_win.cc(73)] ReadMemory at 0x21a61c56100 of 132 bytes failed: Only part of a ReadProcessMemory or WriteProcessMemory request was completed. (0x12B)
[1218/180223.116:ERROR:process_memory_win.cc(73)] ReadMemory at 0x21a61c56290 of 64 bytes failed: Only part of a ReadProcessMemory or WriteProcessMemory request was completed. (0x12B)
[1218/180223.116:ERROR:process_memory_win.cc(73)] ReadMemory at 0x21a61c56440 of 132 bytes failed: Only part of a ReadProcessMemory or WriteProcessMemory request was completed. (0x12B)
[1218/180223.117:ERROR:process_memory_win.cc(73)] ReadMemory at 0x21a61c566f0 of 132 bytes failed: Only part of a ReadProcessMemory or WriteProcessMemory request was completed. (0x12B)
[1218/180223.117:ERROR:process_memory_win.cc(73)] ReadMemory at 0x21a61c56880 of 68 bytes failed: Only part of a ReadProcessMemory or WriteProcessMemory request was completed. (0x12B)
[1218/180223.118:ERROR:process_memory_win.cc(73)] ReadMemory at 0x21a61c57930 of 132 bytes failed: Only part of a ReadProcessMemory or WriteProcessMemory request was completed. (0x12B)
[1218/180223.119:ERROR:process_memory_win.cc(73)] ReadMemory at 0x21a61c57a60 of 140 bytes failed: Only part of a ReadProcessMemory or WriteProcessMemory request was completed. (0x12B)
[1218/180223.119:ERROR:process_memory_win.cc(73)] ReadMemory at 0x21a61c58140 of 62 bytes failed: Only part of a ReadProcessMemory or WriteProcessMemory request was completed. (0x12B)
[1218/180223.120:ERROR:process_memory_win.cc(73)] ReadMemory at 0x21a61c588d0 of 132 bytes failed: Only part of a ReadProcessMemory or WriteProcessMemory request was completed. (0x12B)
[1218/180223.120:ERROR:process_memory_win.cc(73)] ReadMemory at 0x21a61c58a60 of 60 bytes failed: Only part of a ReadProcessMemory or WriteProcessMemory request was completed. (0x12B)
[1218/180223.120:ERROR:process_memory_win.cc(73)] ReadMemory at 0x21a61c67560 of 60 bytes failed: Only part of a ReadProcessMemory or WriteProcessMemory request was completed. (0x12B)
[1218/180223.121:ERROR:process_memory_win.cc(73)] ReadMemory at 0x21a61c675b0 of 64 bytes failed: Only part of a ReadProcessMemory or WriteProcessMemory request was completed. (0x12B)
[1218/180223.121:ERROR:process_memory_win.cc(73)] ReadMemory at 0x21a61c676a0 of 66 bytes failed: Only part of a ReadProcessMemory or WriteProcessMemory request was completed. (0x12B)
[1218/180223.122:ERROR:process_memory_win.cc(73)] ReadMemory at 0x21a61c676f0 of 64 bytes failed: Only part of a ReadProcessMemory or WriteProcessMemory request was completed. (0x12B)
[1218/180223.122:ERROR:process_memory_win.cc(73)] ReadMemory at 0x21a61c67920 of 64 bytes failed: Only part of a ReadProcessMemory or WriteProcessMemory request was completed. (0x12B)
[1218/180223.122:ERROR:process_memory_win.cc(73)] ReadMemory at 0x21a61c67b00 of 60 bytes failed: Only part of a ReadProcessMemory or WriteProcessMemory request was completed. (0x12B)
[1218/180223.123:ERROR:process_memory_win.cc(73)] ReadMemory at 0x21a61c67b50 of 60 bytes failed: Only part of a ReadProcessMemory or WriteProcessMemory request was completed. (0x12B)
[1218/180223.123:ERROR:process_memory_win.cc(73)] ReadMemory at 0x21a61c67ba0 of 62 bytes failed: Only part of a ReadProcessMemory or WriteProcessMemory request was completed. (0x12B)
[1218/180223.123:ERROR:process_memory_win.cc(73)] ReadMemory at 0x21a61c67c40 of 62 bytes failed: Only part of a ReadProcessMemory or WriteProcessMemory request was completed. (0x12B)
[1218/180223.124:ERROR:process_memory_win.cc(73)] ReadMemory at 0x21a61c67f60 of 62 bytes failed: Only part of a ReadProcessMemory or WriteProcessMemory request was completed. (0x12B)
[1218/180223.124:ERROR:process_memory_win.cc(73)] ReadMemory at 0x21a61c67fb0 of 64 bytes failed: Only part of a ReadProcessMemory or WriteProcessMemory request was completed. (0x12B)
[1218/180223.127:ERROR:process_memory_win.cc(73)] ReadMemory at 0x21a61c680a0 of 64 bytes failed: Only part of a ReadProcessMemory or WriteProcessMemory request was completed. (0x12B)
[1218/180223.209:ERROR:process_memory_win.cc(73)] ReadMemory at 0x21a61c681e0 of 58 bytes failed: Only part of a ReadProcessMemory or WriteProcessMemory request was completed. (0x12B)
[1218/180223.209:ERROR:process_memory_win.cc(73)] ReadMemory at 0x21a61c68410 of 62 bytes failed: Only part of a ReadProcessMemory or WriteProcessMemory request was completed. (0x12B)
[1218/180223.210:ERROR:process_memory_win.cc(73)] ReadMemory at 0x21a61c6aaa0 of 80 bytes failed: Only part of a ReadProcessMemory or WriteProcessMemory request was completed. (0x12B)
[1218/180223.210:ERROR:process_memory_win.cc(73)] ReadMemory at 0x21a61c6b160 of 132 bytes failed: Only part of a ReadProcessMemory or WriteProcessMemory request was completed. (0x12B)
[1218/180223.210:ERROR:process_memory_win.cc(73)] ReadMemory at 0x21a61c6b570 of 132 bytes failed: Only part of a ReadProcessMemory or WriteProcessMemory request was completed. (0x12B)
[1218/180223.211:ERROR:process_memory_win.cc(73)] ReadMemory at 0x21a61c6c000 of 132 bytes failed: Only part of a ReadProcessMemory or WriteProcessMemory request was completed. (0x12B)
[1218/180223.211:ERROR:process_memory_win.cc(73)] ReadMemory at 0x21a61c6c130 of 132 bytes failed: Only part of a ReadProcessMemory or WriteProcessMemory request was completed. (0x12B)
[1218/180223.211:ERROR:process_memory_win.cc(73)] ReadMemory at 0x21a61c6c260 of 132 bytes failed: Only part of a ReadProcessMemory or WriteProcessMemory request was completed. (0x12B)
[1218/180223.212:ERROR:process_memory_win.cc(73)] ReadMemory at 0x21a61c6c390 of 132 bytes failed: Only part of a ReadProcessMemory or WriteProcessMemory request was completed. (0x12B)
[1218/180223.212:ERROR:process_memory_win.cc(73)] ReadMemory at 0x21a61c6c4c0 of 132 bytes failed: Only part of a ReadProcessMemory or WriteProcessMemory request was completed. (0x12B)
[1218/180223.213:ERROR:process_memory_win.cc(73)] ReadMemory at 0x21a61c6c5f0 of 132 bytes failed: Only part of a ReadProcessMemory or WriteProcessMemory request was completed. (0x12B)
[1218/180223.213:ERROR:process_memory_win.cc(73)] ReadMemory at 0x21a61c6c850 of 132 bytes failed: Only part of a ReadProcessMemory or WriteProcessMemory request was completed. (0x12B)
[1218/180223.213:ERROR:process_memory_win.cc(73)] ReadMemory at 0x21a61c6c980 of 132 bytes failed: Only part of a ReadProcessMemory or WriteProcessMemory request was completed. (0x12B)
[1218/180223.214:ERROR:process_memory_win.cc(73)] ReadMemory at 0x21a61c6cab0 of 132 bytes failed: Only part of a ReadProcessMemory or WriteProcessMemory request was completed. (0x12B)
[1218/180223.214:ERROR:process_memory_win.cc(73)] ReadMemory at 0x21a61c6cbe0 of 132 bytes failed: Only part of a ReadProcessMemory or WriteProcessMemory request was completed. (0x12B)
[1218/180223.214:ERROR:process_memory_win.cc(73)] ReadMemory at 0x21a61c6cd10 of 132 bytes failed: Only part of a ReadProcessMemory or WriteProcessMemory request was completed. (0x12B)
[1218/180223.215:ERROR:process_memory_win.cc(73)] ReadMemory at 0x21a61c6ce40 of 132 bytes failed: Only part of a ReadProcessMemory or WriteProcessMemory request was completed. (0x12B)
[1218/180223.215:ERROR:process_memory_win.cc(73)] ReadMemory at 0x21a61c714e0 of 132 bytes failed: Only part of a ReadProcessMemory or WriteProcessMemory request was completed. (0x12B)
[1218/180223.215:ERROR:process_memory_win.cc(73)] ReadMemory at 0x21a61c715c0 of 132 bytes failed: Only part of a ReadProcessMemory or WriteProcessMemory request was completed. (0x12B)
[1218/180223.216:ERROR:process_memory_win.cc(73)] ReadMemory at 0x21a61c71be0 of 132 bytes failed: Only part of a ReadProcessMemory or WriteProcessMemory request was completed. (0x12B)
[1218/180223.216:ERROR:process_memory_win.cc(73)] ReadMemory at 0x21a61c72a70 of 54 bytes failed: Only part of a ReadProcessMemory or WriteProcessMemory request was completed. (0x12B)
[1218/180223.216:ERROR:process_memory_win.cc(73)] ReadMemory at 0x21a61c75140 of 132 bytes failed: Only part of a ReadProcessMemory or WriteProcessMemory request was completed. (0x12B)
[1218/180223.217:ERROR:process_memory_win.cc(73)] ReadMemory at 0x21a61c775e0 of 132 bytes failed: Only part of a ReadProcessMemory or WriteProcessMemory request was completed. (0x12B)
[1218/180223.257:ERROR:process_memory_win.cc(73)] ReadMemory at 0x21a61c77710 of 132 bytes failed: Only part of a ReadProcessMemory or WriteProcessMemory request was completed. (0x12B)
[1218/180223.257:ERROR:process_memory_win.cc(73)] ReadMemory at 0x21a61c77a30 of 132 bytes failed: Only part of a ReadProcessMemory or WriteProcessMemory request was completed. (0x12B)
[1218/180223.258:ERROR:process_memory_win.cc(73)] ReadMemory at 0x21a61c79a90 of 132 bytes failed: Only part of a ReadProcessMemory or WriteProcessMemory request was completed. (0x12B)
[1218/180223.258:ERROR:process_memory_win.cc(73)] ReadMemory at 0x21a61c79df0 of 132 bytes failed: Only part of a ReadProcessMemory or WriteProcessMemory request was completed. (0x12B)
[1218/180223.258:ERROR:process_memory_win.cc(73)] ReadMemory at 0x21a61c7a930 of 80 bytes failed: Only part of a ReadProcessMemory or WriteProcessMemory request was completed. (0x12B)
[1218/180223.259:ERROR:process_memory_win.cc(73)] ReadMemory at 0x21a61c7a990 of 76 bytes failed: Only part of a ReadProcessMemory or WriteProcessMemory request was completed. (0x12B)
[1218/180223.259:ERROR:process_memory_win.cc(73)] ReadMemory at 0x21a61c7b0b0 of 132 bytes failed: Only part of a ReadProcessMemory or WriteProcessMemory request was completed. (0x12B)
[1218/180223.259:ERROR:process_memory_win.cc(73)] ReadMemory at 0x21a61c7b440 of 132 bytes failed: Only part of a ReadProcessMemory or WriteProcessMemory request was completed. (0x12B)
[1218/180223.260:ERROR:process_memory_win.cc(73)] ReadMemory at 0x21a61c7b570 of 132 bytes failed: Only part of a ReadProcessMemory or WriteProcessMemory request was completed. (0x12B)
[1218/180223.260:ERROR:process_memory_win.cc(73)] ReadMemory at 0x21a61c7b900 of 132 bytes failed: Only part of a ReadProcessMemory or WriteProcessMemory request was completed. (0x12B)
[1218/180223.260:ERROR:process_memory_win.cc(73)] ReadMemory at 0x21a61c7c020 of 132 bytes failed: Only part of a ReadProcessMemory or WriteProcessMemory request was completed. (0x12B)
[1218/180223.261:ERROR:process_memory_win.cc(73)] ReadMemory at 0x21a61c7c150 of 132 bytes failed: Only part of a ReadProcessMemory or WriteProcessMemory request was completed. (0x12B)
[1218/180223.261:ERROR:process_memory_win.cc(73)] ReadMemory at 0x21a61c7c610 of 132 bytes failed: Only part of a ReadProcessMemory or WriteProcessMemory request was completed. (0x12B)
[1218/180223.261:ERROR:process_memory_win.cc(73)] ReadMemory at 0x21a61c7c870 of 132 bytes failed: Only part of a ReadProcessMemory or WriteProcessMemory request was completed. (0x12B)
[1218/180223.262:ERROR:process_memory_win.cc(73)] ReadMemory at 0x21a61c7c9a0 of 132 bytes failed: Only part of a ReadProcessMemory or WriteProcessMemory request was completed. (0x12B)
[1218/180223.264:ERROR:process_memory_win.cc(73)] ReadMemory at 0x21a61c7cd30 of 132 bytes failed: Only part of a ReadProcessMemory or WriteProcessMemory request was completed. (0x12B)
[1218/180223.265:ERROR:process_memory_win.cc(73)] ReadMemory at 0x21a61c7dc50 of 64 bytes failed: Only part of a ReadProcessMemory or WriteProcessMemory request was completed. (0x12B)
[1218/180223.265:ERROR:process_memory_win.cc(73)] ReadMemory at 0x21a61c7dca0 of 62 bytes failed: Only part of a ReadProcessMemory or WriteProcessMemory request was completed. (0x12B)
[1218/180223.265:ERROR:process_memory_win.cc(73)] ReadMemory at 0x21a61c7dcf0 of 62 bytes failed: Only part of a ReadProcessMemory or WriteProcessMemory request was completed. (0x12B)
[1218/180223.265:ERROR:process_memory_win.cc(73)] ReadMemory at 0x21a61c7de30 of 60 bytes failed: Only part of a ReadProcessMemory or WriteProcessMemory request was completed. (0x12B)
[1218/180223.266:ERROR:process_memory_win.cc(73)] ReadMemory at 0x21a61c7e150 of 62 bytes failed: Only part of a ReadProcessMemory or WriteProcessMemory request was completed. (0x12B)
[1218/180223.266:ERROR:process_memory_win.cc(73)] ReadMemory at 0x21a61c7e240 of 62 bytes failed: Only part of a ReadProcessMemory or WriteProcessMemory request was completed. (0x12B)
[1218/180223.266:ERROR:process_memory_win.cc(73)] ReadMemory at 0x21a61c7e290 of 64 bytes failed: Only part of a ReadProcessMemory or WriteProcessMemory request was completed. (0x12B)
[1218/180223.267:ERROR:process_memory_win.cc(73)] ReadMemory at 0x21a61c7e2e0 of 64 bytes failed: Only part of a ReadProcessMemory or WriteProcessMemory request was completed. (0x12B)
[1218/180223.267:ERROR:process_memory_win.cc(73)] ReadMemory at 0x21a61c7e420 of 62 bytes failed: Only part of a ReadProcessMemory or WriteProcessMemory request was completed. (0x12B)
[1218/180223.268:ERROR:process_memory_win.cc(73)] ReadMemory at 0x21a61c7e560 of 66 bytes failed: Only part of a ReadProcessMemory or WriteProcessMemory request was completed. (0x12B)
[1218/180223.269:ERROR:process_memory_win.cc(73)] ReadMemory at 0x21a61c7e6f0 of 60 bytes failed: Only part of a ReadProcessMemory or WriteProcessMemory request was completed. (0x12B)
[1218/180223.270:ERROR:process_memory_win.cc(73)] ReadMemory at 0x21a61c7e880 of 62 bytes failed: Only part of a ReadProcessMemory or WriteProcessMemory request was completed. (0x12B)
[1218/180223.270:ERROR:process_memory_win.cc(73)] ReadMemory at 0x21a61c7e8d0 of 60 bytes failed: Only part of a ReadProcessMemory or WriteProcessMemory request was completed. (0x12B)
[1218/180223.271:ERROR:process_memory_win.cc(73)] ReadMemory at 0x21a61c94030 of 512 bytes failed: Only part of a ReadProcessMemory or WriteProcessMemory request was completed. (0x12B)
[1218/180223.272:ERROR:process_memory_win.cc(73)] ReadMemory at 0x21a61cc9040 of 512 bytes failed: Only part of a ReadProcessMemory or WriteProcessMemory request was completed. (0x12B)
[1218/180223.272:ERROR:process_memory_win.cc(73)] ReadMemory at 0x21a61cc9a90 of 512 bytes failed: Only part of a ReadProcessMemory or WriteProcessMemory request was completed. (0x12B)
[1218/180223.273:ERROR:process_memory_win.cc(73)] ReadMemory at 0x21a61ce3030 of 512 bytes failed: Only part of a ReadProcessMemory or WriteProcessMemory request was completed. (0x12B)
[1218/180223.273:ERROR:process_memory_win.cc(73)] ReadMemory at 0x21a61cfca70 of 712 bytes failed: Only part of a ReadProcessMemory or WriteProcessMemory request was completed. (0x12B)
[1218/180223.274:ERROR:process_memory_win.cc(73)] ReadMemory at 0x21a61d1b1c0 of 512 bytes failed: Only part of a ReadProcessMemory or WriteProcessMemory request was completed. (0x12B)
[1218/180223.274:ERROR:process_memory_win.cc(73)] ReadMemory at 0x21a61d30576 of 656 bytes failed: Only part of a ReadProcessMemory or WriteProcessMemory request was completed. (0x12B)
[1218/180223.274:ERROR:process_memory_win.cc(73)] ReadMemory at 0x21a61d30a02 of 512 bytes failed: Only part of a ReadProcessMemory or WriteProcessMemory request was completed. (0x12B)
[1218/180223.275:ERROR:process_memory_win.cc(73)] ReadMemory at 0x21a637d8a20 of 512 bytes failed: Only part of a ReadProcessMemory or WriteProcessMemory request was completed. (0x12B)
[1218/180223.275:ERROR:process_memory_win.cc(73)] ReadMemory at 0x21a637e9808 of 512 bytes failed: Only part of a ReadProcessMemory or WriteProcessMemory request was completed. (0x12B)
[1218/180223.276:ERROR:process_memory_win.cc(73)] ReadMemory at 0x21a637eaa08 of 944 bytes failed: Only part of a ReadProcessMemory or WriteProcessMemory request was completed. (0x12B)
[1218/180223.276:ERROR:process_memory_win.cc(73)] ReadMemory at 0x21a637ec470 of 512 bytes failed: Only part of a ReadProcessMemory or WriteProcessMemory request was completed. (0x12B)
[1218/180223.277:ERROR:process_memory_win.cc(73)] ReadMemory at 0x21a63863420 of 512 bytes failed: Only part of a ReadProcessMemory or WriteProcessMemory request was completed. (0x12B)
[1218/180223.277:ERROR:process_memory_win.cc(73)] ReadMemory at 0x21a63acff80 of 512 bytes failed: Only part of a ReadProcessMemory or WriteProcessMemory request was completed. (0x12B)
[1218/180223.278:ERROR:process_memory_win.cc(73)] ReadMemory at 0x21a63b62e80 of 512 bytes failed: Only part of a ReadProcessMemory or WriteProcessMemory request was completed. (0x12B)
[1218/180223.278:ERROR:process_memory_win.cc(73)] ReadMemory at 0x21a63c6b9d0 of 512 bytes failed: Only part of a ReadProcessMemory or WriteProcessMemory request was completed. (0x12B)
[1218/180223.279:ERROR:process_memory_win.cc(73)] ReadMemory at 0x21a63c7f540 of 512 bytes failed: Only part of a ReadProcessMemory or WriteProcessMemory request was completed. (0x12B)
[1218/180223.279:ERROR:process_memory_win.cc(73)] ReadMemory at 0x21a63f763b0 of 512 bytes failed: Only part of a ReadProcessMemory or WriteProcessMemory request was completed. (0x12B)
[1218/180223.279:ERROR:process_memory_win.cc(73)] ReadMemory at 0x21a6484d4b0 of 512 bytes failed: Only part of a ReadProcessMemory or WriteProcessMemory request was completed. (0x12B)
[1218/180223.281:ERROR:process_memory_win.cc(73)] ReadMemory at 0x21a64857150 of 512 bytes failed: Only part of a ReadProcessMemory or WriteProcessMemory request was completed. (0x12B)
[1218/180223.281:ERROR:process_memory_win.cc(73)] ReadMemory at 0x21a66189950 of 512 bytes failed: Only part of a ReadProcessMemory or WriteProcessMemory request was completed. (0x12B)
[1218/180223.282:ERROR:process_memory_win.cc(73)] ReadMemory at 0x21a6a2626a8 of 512 bytes failed: Only part of a ReadProcessMemory or WriteProcessMemory request was completed. (0x12B)
[1218/180223.282:ERROR:process_memory_win.cc(73)] ReadMemory at 0x7cb208042331 of 512 bytes failed: Only part of a ReadProcessMemory or WriteProcessMemory request was completed. (0x12B)
[1218/180223.283:ERROR:process_memory_win.cc(73)] ReadMemory at 0x7cb2098503a5 of 512 bytes failed: Only part of a ReadProcessMemory or WriteProcessMemory request was completed. (0x12B)
[1218/180223.283:ERROR:process_memory_win.cc(73)] ReadMemory at 0x7cb20a6c0090 of 512 bytes failed: Only part of a ReadProcessMemory or WriteProcessMemory request was completed. (0x12B)
[1218/180223.284:ERROR:process_memory_win.cc(73)] ReadMemory at 0x7cb20a6e6685 of 512 bytes failed: Only part of a ReadProcessMemory or WriteProcessMemory request was completed. (0x12B)
[1218/180223.284:ERROR:process_memory_win.cc(73)] ReadMemory at 0x7cb20e0c7231 of 512 bytes failed: Only part of a ReadProcessMemory or WriteProcessMemory request was completed. (0x12B)
[1218/180223.284:ERROR:process_memory_win.cc(73)] ReadMemory at 0x7cb218600090 of 512 bytes failed: Only part of a ReadProcessMemory or WriteProcessMemory request was completed. (0x12B)
[1218/180223.284:ERROR:process_memory_win.cc(73)] ReadMemory at 0x7cb22f6b0675 of 512 bytes failed: Only part of a ReadProcessMemory or WriteProcessMemory request was completed. (0x12B)
[1218/180223.285:ERROR:process_memory_win.cc(73)] ReadMemory at 0x7cb22f9fff80 of 512 bytes failed: Only part of a ReadProcessMemory or WriteProcessMemory request was completed. (0x12B)
[1218/180223.286:ERROR:process_memory_win.cc(73)] ReadMemory at 0x7cb22fa270b5 of 512 bytes failed: Only part of a ReadProcessMemory or WriteProcessMemory request was completed. (0x12B)
[1218/180223.286:ERROR:process_memory_win.cc(73)] ReadMemory at 0x7cb2596bff80 of 512 bytes failed: Only part of a ReadProcessMemory or WriteProcessMemory request was completed. (0x12B)
[1218/180223.287:ERROR:process_memory_win.cc(73)] ReadMemory at 0x7cb2596d6469 of 535 bytes failed: Only part of a ReadProcessMemory or WriteProcessMemory request was completed. (0x12B)
[1218/180223.287:ERROR:process_memory_win.cc(73)] ReadMemory at 0x7ff9370826ad of 512 bytes failed: Only part of a ReadProcessMemory or WriteProcessMemory request was completed. (0x12B)
[1218/180223.288:ERROR:process_memory_win.cc(73)] ReadMemory at 0x7ff9370dce3a of 512 bytes failed: Only part of a ReadProcessMemory or WriteProcessMemory request was completed. (0x12B)
[1218/180223.288:ERROR:process_memory_win.cc(73)] ReadMemory at 0x7ff93cfdf688 of 512 bytes failed: Only part of a ReadProcessMemory or WriteProcessMemory request was completed. (0x12B)
[1218/180223.288:ERROR:process_memory_win.cc(73)] ReadMemory at 0x7ff9789ca917 of 512 bytes failed: Only part of a ReadProcessMemory or WriteProcessMemory request was completed. (0x12B)
[1218/180223.288:ERROR:process_memory_win.cc(73)] ReadMemory at 0x7ff985db1f80 of 512 bytes failed: Only part of a ReadProcessMemory or WriteProcessMemory request was completed. (0x12B)
[1218/180223.288:ERROR:process_memory_win.cc(73)] ReadMemory at 0x7ff98603c064 of 672 bytes failed: Only part of a ReadProcessMemory or WriteProcessMemory request was completed. (0x12B)
[1218/180223.289:ERROR:process_memory_win.cc(73)] ReadMemory at 0x7ff98603f914 of 608 bytes failed: Only part of a ReadProcessMemory or WriteProcessMemory request was completed. (0x12B)
[1218/180223.289:ERROR:process_memory_win.cc(73)] ReadMemory at 0x7ff9860cc418 of 18 bytes failed: Only part of a ReadProcessMemory or WriteProcessMemory request was completed. (0x12B)
[1218/180223.289:ERROR:process_memory_win.cc(73)] ReadMemory at 0x7ff9860ff4f8 of 40 bytes failed: Only part of a ReadProcessMemory or WriteProcessMemory request was completed. (0x12B)
[1218/180223.289:ERROR:process_memory_win.cc(73)] ReadMemory at 0x7ff9860ff978 of 48 bytes failed: Only part of a ReadProcessMemory or WriteProcessMemory request was completed. (0x12B)
[1218/180223.289:ERROR:process_memory_win.cc(73)] ReadMemory at 0x7ff9861053c0 of 64 bytes failed: Only part of a ReadProcessMemory or WriteProcessMemory request was completed. (0x12B)
[1218/180223.423:ERROR:scoped_process_suspend.cc(40)] NtResumeProcess: An attempt was made to access an exiting process. (0xc000010a)
[1218/180223.667:ERROR:filesystem_win.cc(129)] GetFileAttributes C:\Users\bharg\AppData\Local\Google\Chrome\User Data\Crashpad\attachments\bdb73149-e09d-4fb9-adda-aa6932524c2b: The system cannot find the path specified. (0x3)
[1220/170233.820:ERROR:directory_reader_win.cc(43)] FindFirstFile: The system cannot find the path specified. (0x3)
[1221/121320.085:ERROR:directory_reader_win.cc(43)] FindFirstFile: The system cannot find the path specified. (0x3)
[1222/160108.307:ERROR:directory_reader_win.cc(43)] FindFirstFile: The system cannot find the path specified. (0x3)
[1223/170851.405:ERROR:directory_reader_win.cc(43)] FindFirstFile: The system cannot find the path specified. (0x3)
